{"meta": {"format": 3, "version": "7.13.4", "timestamp": "2026-02-25T16:28:04.728825", "branch_coverage": false, "show_contexts": false}, "files": {"bot.py": {"executed_lines": [4, 5, 6, 7, 8, 10, 11, 12, 13, 16, 17, 19, 22, 23, 25, 26, 28, 30, 31, 32, 34, 35, 36, 37, 38, 40, 42, 43, 44, 46, 48, 49, 50, 52, 53, 54, 56, 57, 58, 59, 60, 61, 63, 65, 68, 69, 71, 72, 73, 76, 77, 80, 81, 84, 85, 87, 89, 91, 92, 94, 102, 103, 104, 105, 106, 107, 109, 111, 113, 114, 116, 118, 120, 122, 123, 124, 125, 127, 129, 130, 133, 134, 140, 143, 144, 150, 152, 154, 156, 157, 158, 159, 160, 161, 162, 163, 164, 165, 166, 167, 169, 171, 173, 174, 175, 177, 178, 179, 181, 182, 183, 184, 185, 188, 189, 190, 191, 193, 195, 197, 198, 200, 202, 204, 207, 208, 213, 214, 215, 217, 218, 219, 222, 223, 227, 230, 232, 235, 236, 237, 238, 239, 241, 242, 245, 248, 249, 251, 253, 254, 256, 257, 258, 259, 260, 261, 263, 264, 265, 266, 267, 269, 270, 271, 274, 275, 276, 277, 278, 279, 280, 281, 282, 283, 285, 288, 289, 292, 293, 294, 296, 304, 305, 306, 307, 310, 311, 312], "summary": {"covered_lines": 188, "num_statements": 194, "percent_covered": 96.90721649484536, "percent_covered_display": "97", "missing_lines": 6, "excluded_lines": 2, "percent_statements_covered": 96.90721649484536, "percent_statements_covered_display": "97"}, "missing_lines": [308, 309, 313, 314, 317, 318], "excluded_lines": [321, 322], "functions": {"PaperTradingBot.__init__": {"executed_lines": [19, 22, 23, 25, 26], "summary": {"covered_lines": 5, "num_statements": 5, "percent_covered": 100.0, "percent_covered_display": "100", "missing_lines": 0, "excluded_lines": 0, "percent_statements_covered": 100.0, "percent_statements_covered_display": "100"}, "missing_lines": [], "excluded_lines": [], "start_line": 17}, "PaperTradingBot.print_banner": {"executed_lines": [30, 31, 32, 34, 35, 36, 37, 38, 40, 42, 43, 44], "summary": {"covered_lines": 12, "num_statements": 12, "percent_covered": 100.0, "percent_covered_display": "100", "missing_lines": 0, "excluded_lines": 0, "percent_statements_covered": 100.0, "percent_statements_covered_display": "100"}, "missing_lines": [], "excluded_lines": [], "start_line": 28}, "PaperTradingBot.display_opportunities": {"executed_lines": [48, 49, 50, 52, 53, 54, 56, 57, 58, 59, 60, 61, 63], "summary": {"covered_lines": 13, "num_statements": 13, "percent_covered": 100.0, "percent_covered_display": "100", "missing_lines": 0, "excluded_lines": 0, "percent_statements_covered": 100.0, "percent_statements_covered_display": "100"}, "missing_lines": [], "excluded_lines": [], "start_line": 46}, "PaperTradingBot.should_enter_trade": {"executed_lines": [68, 69, 71, 72, 73, 76, 77, 80, 81, 84, 85, 87], "summary": {"covered_lines": 12, "num_statements": 12, "percent_covered": 100.0, "percent_covered_display": "100", "missing_lines": 0, "excluded_lines": 0, "percent_statements_covered": 100.0, "percent_statements_covered_display": "100"}, "missing_lines": [], "excluded_lines": [], "start_line": 65}, "PaperTradingBot.enter_trade": {"executed_lines": [91, 92, 94, 102, 103, 104, 105, 106, 107], "summary": {"covered_lines": 9, "num_statements": 9, "percent_covered": 100.0, "percent_covered_display": "100", "missing_lines": 0, "excluded_lines": 0, "percent_statements_covered": 100.0, "percent_statements_covered_display": "100"}, "missing_lines": [], "excluded_lines": [], "start_line": 89}, "PaperTradingBot.update_open_positions": {"executed_lines": [111, 113, 114, 116, 118, 120, 122, 123, 124, 125, 127, 129, 130, 133, 134, 140, 143, 144, 150], "summary": {"covered_lines": 19, "num_statements": 19, "percent_covered": 100.0, "percent_covered_display": "100", "missing_lines": 0, "excluded_lines": 0, "percent_statements_covered": 100.0, "percent_statements_covered_display": "100"}, "missing_lines": [], "excluded_lines": [], "start_line": 109}, "PaperTradingBot.display_stats": {"executed_lines": [154, 156, 157, 158, 159, 160, 161, 162, 163, 164, 165, 166, 167], "summary": {"covered_lines": 13, "num_statements": 13, "percent_covered": 100.0, "percent_covered_display": "100", "missing_lines": 0, "excluded_lines": 0, "percent_statements_covered": 100.0, "percent_statements_covered_display": "100"}, "missing_lines": [], "excluded_lines": [], "start_line": 152}, "PaperTradingBot.display_open_positions": {"executed_lines": [171, 173, 174, 175, 177, 178, 179, 181, 182, 183, 184, 185, 188, 189, 190, 191, 193, 195, 197, 198], "summary": {"covered_lines": 20, "num_statements": 20, "percent_covered": 100.0, "percent_covered_display": "100", "missing_lines": 0, "excluded_lines": 0, "percent_statements_covered": 100.0, "percent_statements_covered_display": "100"}, "missing_lines": [], "excluded_lines": [], "start_line": 169}, "PaperTradingBot.run_scan": {"executed_lines": [202, 204, 207, 208, 213, 214, 215, 217, 218, 219, 222, 223, 227, 230, 232, 235, 236, 237, 238, 239, 241, 242, 245, 248, 249], "summary": {"covered_lines": 25, "num_statements": 25, "percent_covered": 100.0, "percent_covered_display": "100", "missing_lines": 0, "excluded_lines": 0, "percent_statements_covered": 100.0, "percent_statements_covered_display": "100"}, "missing_lines": [], "excluded_lines": [], "start_line": 200}, "PaperTradingBot.run_continuous": {"executed_lines": [253, 254, 256, 257, 258, 259, 260, 261, 263, 264, 265, 266, 267, 269, 270, 271], "summary": {"covered_lines": 16, "num_statements": 16, "percent_covered": 100.0, "percent_covered_display": "100", "missing_lines": 0, "excluded_lines": 0, "percent_statements_covered": 100.0, "percent_statements_covered_display": "100"}, "missing_lines": [], "excluded_lines": [], "start_line": 251}, "main": {"executed_lines": [275, 276, 277, 278, 279, 280, 281, 282, 283, 285, 288, 289, 292, 293, 294, 296, 304, 305, 306, 307, 310, 311, 312], "summary": {"covered_lines": 23, "num_statements": 29, "percent_covered": 79.3103448275862, "percent_covered_display": "79", "missing_lines": 6, "excluded_lines": 0, "percent_statements_covered": 79.3103448275862, "percent_statements_covered_display": "79"}, "missing_lines": [308, 309, 313, 314, 317, 318], "excluded_lines": [], "start_line": 274}, "": {"executed_lines": [4, 5, 6, 7, 8, 10, 11, 12, 13, 16, 17, 28, 46, 65, 89, 109, 152, 169, 200, 251, 274], "summary": {"covered_lines": 21, "num_statements": 21, "percent_covered": 100.0, "percent_covered_display": "100", "missing_lines": 0, "excluded_lines": 2, "percent_statements_covered": 100.0, "percent_statements_covered_display": "100"}, "missing_lines": [], "excluded_lines": [321, 322], "start_line": 1}}, "classes": {"PaperTradingBot": {"executed_lines": [19, 22, 23, 25, 26, 30, 31, 32, 34, 35, 36, 37, 38, 40, 42, 43, 44, 48, 49, 50, 52, 53, 54, 56, 57, 58, 59, 60, 61, 63, 68, 69, 71, 72, 73, 76, 77, 80, 81, 84, 85, 87, 91, 92, 94, 102, 103, 104, 105, 106, 107, 111, 113, 114, 116, 118, 120, 122, 123, 124, 125, 127, 129, 130, 133, 134, 140, 143, 144, 150, 154, 156, 157, 158, 159, 160, 161, 162, 163, 164, 165, 166, 167, 171, 173, 174, 175, 177, 178, 179, 181, 182, 183, 184, 185, 188, 189, 190, 191, 193, 195, 197, 198, 202, 204, 207, 208, 213, 214, 215, 217, 218, 219, 222, 223, 227, 230, 232, 235, 236, 237, 238, 239, 241, 242, 245, 248, 249, 253, 254, 256, 257, 258, 259, 260, 261, 263, 264, 265, 266, 267, 269, 270, 271], "summary": {"covered_lines": 144, "num_statements": 144, "percent_covered": 100.0, "percent_covered_display": "100", "missing_lines": 0, "excluded_lines": 0, "percent_statements_covered": 100.0, "percent_statements_covered_display": "100"}, "missing_lines": [], "excluded_lines": [], "start_line": 16}, "": {"executed_lines": [4, 5, 6, 7, 8, 10, 11, 12, 13, 16, 17, 28, 46, 65, 89, 109, 152, 169, 200, 251, 274, 275, 276, 277, 278, 279, 280, 281, 282, 283, 285, 288, 289, 292, 293, 294, 296, 304, 305, 306, 307, 310, 311, 312], "summary": {"covered_lines": 44, "num_statements": 50, "percent_covered": 88.0, "percent_covered_display": "88", "missing_lines": 6, "excluded_lines": 2, "percent_statements_covered": 88.0, "percent_statements_covered_display": "88"}, "missing_lines": [308, 309, 313, 314, 317, 318], "excluded_lines": [321, 322], "start_line": 1}}}, "config.py": {"executed_lines": [4, 5, 8, 9, 12, 17, 18, 21, 22, 25, 26, 28, 32, 33, 36, 37, 40, 41, 44, 47], "summary": {"covered_lines": 20, "num_statements": 20, "percent_covered": 100.0, "percent_covered_display": "100", "missing_lines": 0, "excluded_lines": 0, "percent_statements_covered": 100.0, "percent_statements_covered_display": "100"}, "missing_lines": [], "excluded_lines": [], "functions": {"": {"executed_lines": [4, 5, 8, 9, 12, 17, 18, 21, 22, 25, 26, 28, 32, 33, 36, 37, 40, 41, 44, 47], "summary": {"covered_lines": 20, "num_statements": 20, "percent_covered": 100.0, "percent_covered_display": "100", "missing_lines": 0, "excluded_lines": 0, "percent_statements_covered": 100.0, "percent_statements_covered_display": "100"}, "missing_lines": [], "excluded_lines": [], "start_line": 1}}, "classes": {"": {"executed_lines": [4, 5, 8, 9, 12, 17, 18, 21, 22, 25, 26, 28, 32, 33, 36, 37, 40, 41, 44, 47], "summary": {"covered_lines": 20, "num_statements": 20, "percent_covered": 100.0, "percent_covered_display": "100", "missing_lines": 0, "excluded_lines": 0, "percent_statements_covered": 100.0, "percent_statements_covered_display": "100"}, "missing_lines": [], "excluded_lines": [], "start_line": 1}}}, "database.py": {"executed_lines": [3, 4, 5, 6, 9, 10, 11, 12, 14, 16, 17, 19, 39, 50, 51, 53, 56, 57, 59, 66, 67, 68, 69, 71, 73, 74, 76, 82, 83, 85, 87, 88, 91, 95, 96, 97, 98, 100, 103, 105, 106, 108, 109, 112, 113, 115, 127, 128, 130, 132, 133, 135, 143, 144, 146, 147, 149, 151, 152, 155, 156, 158, 159, 160, 173, 174, 176, 177, 180, 181, 184, 185, 187, 188, 190, 192, 204, 206, 207, 209, 215, 216, 218, 219], "summary": {"covered_lines": 84, "num_statements": 84, "percent_covered": 100.0, "percent_covered_display": "100", "missing_lines": 0, "excluded_lines": 0, "percent_statements_covered": 100.0, "percent_statements_covered_display": "100"}, "missing_lines": [], "excluded_lines": [], "functions": {"Database.__init__": {"executed_lines": [11, 12], "summary": {"covered_lines": 2, "num_statements": 2, "percent_covered": 100.0, "percent_covered_display": "100", "missing_lines": 0, "excluded_lines": 0, "percent_statements_covered": 100.0, "percent_statements_covered_display": "100"}, "missing_lines": [], "excluded_lines": [], "start_line": 10}, "Database.init_db": {"executed_lines": [16, 17, 19, 39, 50, 51], "summary": {"covered_lines": 6, "num_statements": 6, "percent_covered": 100.0, "percent_covered_display": "100", "missing_lines": 0, "excluded_lines": 0, "percent_statements_covered": 100.0, "percent_statements_covered_display": "100"}, "missing_lines": [], "excluded_lines": [], "start_line": 14}, "Database.add_trade": {"executed_lines": [56, 57, 59, 66, 67, 68, 69], "summary": {"covered_lines": 7, "num_statements": 7, "percent_covered": 100.0, "percent_covered_display": "100", "missing_lines": 0, "excluded_lines": 0, "percent_statements_covered": 100.0, "percent_statements_covered_display": "100"}, "missing_lines": [], "excluded_lines": [], "start_line": 53}, "Database.update_trade_price": {"executed_lines": [73, 74, 76, 82, 83], "summary": {"covered_lines": 5, "num_statements": 5, "percent_covered": 100.0, "percent_covered_display": "100", "missing_lines": 0, "excluded_lines": 0, "percent_statements_covered": 100.0, "percent_statements_covered_display": "100"}, "missing_lines": [], "excluded_lines": [], "start_line": 71}, "Database.close_trade": {"executed_lines": [87, 88, 91, 95, 96, 97, 98, 100, 103, 105, 106, 108, 109, 112, 113, 115, 127, 128], "summary": {"covered_lines": 18, "num_statements": 18, "percent_covered": 100.0, "percent_covered_display": "100", "missing_lines": 0, "excluded_lines": 0, "percent_statements_covered": 100.0, "percent_statements_covered_display": "100"}, "missing_lines": [], "excluded_lines": [], "start_line": 85}, "Database.get_open_trades": {"executed_lines": [132, 133, 135, 143, 144, 146, 147], "summary": {"covered_lines": 7, "num_statements": 7, "percent_covered": 100.0, "percent_covered_display": "100", "missing_lines": 0, "excluded_lines": 0, "percent_statements_covered": 100.0, "percent_statements_covered_display": "100"}, "missing_lines": [], "excluded_lines": [], "start_line": 130}, "Database.get_performance_stats": {"executed_lines": [151, 152, 155, 156, 158, 159, 160, 173, 174, 176, 177, 180, 181, 184, 185, 187, 188, 190, 192], "summary": {"covered_lines": 19, "num_statements": 19, "percent_covered": 100.0, "percent_covered_display": "100", "missing_lines": 0, "excluded_lines": 0, "percent_statements_covered": 100.0, "percent_statements_covered_display": "100"}, "missing_lines": [], "excluded_lines": [], "start_line": 149}, "Database.get_all_closed_trades": {"executed_lines": [206, 207, 209, 215, 216, 218, 219], "summary": {"covered_lines": 7, "num_statements": 7, "percent_covered": 100.0, "percent_covered_display": "100", "missing_lines": 0, "excluded_lines": 0, "percent_statements_covered": 100.0, "percent_statements_covered_display": "100"}, "missing_lines": [], "excluded_lines": [], "start_line": 204}, "": {"executed_lines": [3, 4, 5, 6, 9, 10, 14, 53, 71, 85, 130, 149, 204], "summary": {"covered_lines": 13, "num_statements": 13, "percent_covered": 100.0, "percent_covered_display": "100", "missing_lines": 0, "excluded_lines": 0, "percent_statements_covered": 100.0, "percent_statements_covered_display": "100"}, "missing_lines": [], "excluded_lines": [], "start_line": 1}}, "classes": {"Database": {"executed_lines": [11, 12, 16, 17, 19, 39, 50, 51, 56, 57, 59, 66, 67, 68, 69, 73, 74, 76, 82, 83, 87, 88, 91, 95, 96, 97, 98, 100, 103, 105, 106, 108, 109, 112, 113, 115, 127, 128, 132, 133, 135, 143, 144, 146, 147, 151, 152, 155, 156, 158, 159, 160, 173, 174, 176, 177, 180, 181, 184, 185, 187, 188, 190, 192, 206, 207, 209, 215, 216, 218, 219], "summary": {"covered_lines": 71, "num_statements": 71, "percent_covered": 100.0, "percent_covered_display": "100", "missing_lines": 0, "excluded_lines": 0, "percent_statements_covered": 100.0, "percent_statements_covered_display": "100"}, "missing_lines": [], "excluded_lines": [], "start_line": 9}, "": {"executed_lines": [3, 4, 5, 6, 9, 10, 14, 53, 71, 85, 130, 149, 204], "summary": {"covered_lines": 13, "num_statements": 13, "percent_covered": 100.0, "percent_covered_display": "100", "missing_lines": 0, "excluded_lines": 0, "percent_statements_covered": 100.0, "percent_statements_covered_display": "100"}, "missing_lines": [], "excluded_lines": [], "start_line": 1}}}, "demo_data.py": {"executed_lines": [3, 4, 7, 10, 12, 30, 32, 34, 35, 37, 38, 40, 64, 66, 69, 72, 73, 76, 79, 80, 83, 84, 86], "summary": {"covered_lines": 23, "num_statements": 23, "percent_covered": 100.0, "percent_covered_display": "100", "missing_lines": 0, "excluded_lines": 0, "percent_statements_covered": 100.0, "percent_statements_covered_display": "100"}, "missing_lines": [], "excluded_lines": [], "functions": {"generate_demo_markets": {"executed_lines": [10, 12, 30, 32, 34, 35, 37, 38, 40, 64, 66], "summary": {"covered_lines": 11, "num_statements": 11, "percent_covered": 100.0, "percent_covered_display": "100", "missing_lines": 0, "excluded_lines": 0, "percent_statements_covered": 100.0, "percent_statements_covered_display": "100"}, "missing_lines": [], "excluded_lines": [], "start_line": 7}, "get_demo_price_update": {"executed_lines": [72, 73, 76, 79, 80, 83, 84, 86], "summary": {"covered_lines": 8, "num_statements": 8, "percent_covered": 100.0, "percent_covered_display": "100", "missing_lines": 0, "excluded_lines": 0, "percent_statements_covered": 100.0, "percent_statements_covered_display": "100"}, "missing_lines": [], "excluded_lines": [], "start_line": 69}, "": {"executed_lines": [3, 4, 7, 69], "summary": {"covered_lines": 4, "num_statements": 4, "percent_covered": 100.0, "percent_covered_display": "100", "missing_lines": 0, "excluded_lines": 0, "percent_statements_covered": 100.0, "percent_statements_covered_display": "100"}, "missing_lines": [], "excluded_lines": [], "start_line": 1}}, "classes": {"": {"executed_lines": [3, 4, 7, 10, 12, 30, 32, 34, 35, 37, 38, 40, 64, 66, 69, 72, 73, 76, 79, 80, 83, 84, 86], "summary": {"covered_lines": 23, "num_statements": 23, "percent_covered": 100.0, "percent_covered_display": "100", "missing_lines": 0, "excluded_lines": 0, "percent_statements_covered": 100.0, "percent_statements_covered_display": "100"}, "missing_lines": [], "excluded_lines": [], "start_line": 1}}}, "kalshi_client.py": {"executed_lines": [3, 4, 5, 6, 7, 8, 9, 10, 11, 12, 13, 14, 17, 20, 21, 22, 23, 24, 25, 26, 29, 30, 32, 35, 36, 39, 40, 42, 43, 44, 45, 46, 47, 50, 51, 53, 78, 107, 109, 112, 113, 117, 120, 121, 122, 125, 126, 128, 129, 130, 136, 137, 139, 141, 144, 148, 150, 151, 153, 154, 160, 161, 162, 166, 167, 168, 170, 172, 178, 179, 180, 181, 184, 185, 186, 188, 190, 191, 194, 195, 197, 198, 200, 201, 204, 205, 208, 210, 211, 225, 231, 233, 235, 237, 238, 239, 240, 241, 244, 247, 248, 249, 251, 252, 254, 255, 256, 257], "summary": {"covered_lines": 108, "num_statements": 157, "percent_covered": 68.78980891719745, "percent_covered_display": "69", "missing_lines": 49, "excluded_lines": 0, "percent_statements_covered": 68.78980891719745, "percent_statements_covered_display": "69"}, "missing_lines": [54, 55, 56, 63, 64, 65, 66, 67, 70, 71, 73, 75, 76, 80, 81, 83, 85, 88, 91, 92, 95, 97, 103, 104, 105, 114, 115, 131, 132, 134, 142, 143, 145, 146, 164, 173, 174, 175, 176, 182, 227, 228, 229, 259, 260, 262, 264, 265, 266], "excluded_lines": [], "functions": {"KalshiClient.__init__": {"executed_lines": [22, 23, 24, 25, 26, 29, 30], "summary": {"covered_lines": 7, "num_statements": 7, "percent_covered": 100.0, "percent_covered_display": "100", "missing_lines": 0, "excluded_lines": 0, "percent_statements_covered": 100.0, "percent_statements_covered_display": "100"}, "missing_lines": [], "excluded_lines": [], "start_line": 21}, "KalshiClient._authenticate": {"executed_lines": [35, 36, 39, 40, 42, 43, 44, 45, 46, 47, 50, 51, 53], "summary": {"covered_lines": 13, "num_statements": 26, "percent_covered": 50.0, "percent_covered_display": "50", "missing_lines": 13, "excluded_lines": 0, "percent_statements_covered": 50.0, "percent_statements_covered_display": "50"}, "missing_lines": [54, 55, 56, 63, 64, 65, 66, 67, 70, 71, 73, 75, 76], "excluded_lines": [], "start_line": 32}, "KalshiClient._sign_request": {"executed_lines": [], "summary": {"covered_lines": 0, "num_statements": 12, "percent_covered": 0.0, "percent_covered_display": "0", "missing_lines": 12, "excluded_lines": 0, "percent_statements_covered": 0.0, "percent_statements_covered_display": "0"}, "missing_lines": [80, 81, 83, 85, 88, 91, 92, 95, 97, 103, 104, 105], "excluded_lines": [], "start_line": 78}, "KalshiClient._make_request": {"executed_lines": [109, 112, 113, 117, 120, 121, 122, 125, 126, 128, 129, 130, 136, 137, 139, 141, 144], "summary": {"covered_lines": 17, "num_statements": 26, "percent_covered": 65.38461538461539, "percent_covered_display": "65", "missing_lines": 9, "excluded_lines": 0, "percent_statements_covered": 65.38461538461539, "percent_statements_covered_display": "65"}, "missing_lines": [114, 115, 131, 132, 134, 142, 143, 145, 146], "excluded_lines": [], "start_line": 107}, "KalshiClient.get_markets": {"executed_lines": [150, 151, 153, 154, 160, 161, 162, 166, 167, 168], "summary": {"covered_lines": 10, "num_statements": 11, "percent_covered": 90.9090909090909, "percent_covered_display": "91", "missing_lines": 1, "excluded_lines": 0, "percent_statements_covered": 90.9090909090909, "percent_statements_covered_display": "91"}, "missing_lines": [164], "excluded_lines": [], "start_line": 148}, "KalshiClient.get_market_details": {"executed_lines": [172, 178, 179, 180, 181, 184, 185, 186], "summary": {"covered_lines": 8, "num_statements": 13, "percent_covered": 61.53846153846154, "percent_covered_display": "62", "missing_lines": 5, "excluded_lines": 0, "percent_statements_covered": 61.53846153846154, "percent_statements_covered_display": "62"}, "missing_lines": [173, 174, 175, 176, 182], "excluded_lines": [], "start_line": 170}, "KalshiClient.find_opportunities": {"executed_lines": [190, 191, 194, 195, 197, 198, 200, 201, 204, 205, 208, 210, 211, 225, 231], "summary": {"covered_lines": 15, "num_statements": 18, "percent_covered": 83.33333333333333, "percent_covered_display": "83", "missing_lines": 3, "excluded_lines": 0, "percent_statements_covered": 83.33333333333333, "percent_statements_covered_display": "83"}, "missing_lines": [227, 228, 229], "excluded_lines": [], "start_line": 188}, "KalshiClient.get_current_price": {"executed_lines": [235, 237, 238, 239, 240, 241, 244, 247, 248, 249, 251, 252, 254, 255, 256, 257], "summary": {"covered_lines": 16, "num_statements": 22, "percent_covered": 72.72727272727273, "percent_covered_display": "73", "missing_lines": 6, "excluded_lines": 0, "percent_statements_covered": 72.72727272727273, "percent_statements_covered_display": "73"}, "missing_lines": [259, 260, 262, 264, 265, 266], "excluded_lines": [], "start_line": 233}, "": {"executed_lines": [3, 4, 5, 6, 7, 8, 9, 10, 11, 12, 13, 14, 17, 20, 21, 32, 78, 107, 148, 170, 188, 233], "summary": {"covered_lines": 22, "num_statements": 22, "percent_covered": 100.0, "percent_covered_display": "100", "missing_lines": 0, "excluded_lines": 0, "percent_statements_covered": 100.0, "percent_statements_covered_display": "100"}, "missing_lines": [], "excluded_lines": [], "start_line": 1}}, "classes": {"KalshiClient": {"executed_lines": [22, 23, 24, 25, 26, 29, 30, 35, 36, 39, 40, 42, 43, 44, 45, 46, 47, 50, 51, 53, 109, 112, 113, 117, 120, 121, 122, 125, 126, 128, 129, 130, 136, 137, 139, 141, 144, 150, 151, 153, 154, 160, 161, 162, 166, 167, 168, 172, 178, 179, 180, 181, 184, 185, 186, 190, 191, 194, 195, 197, 198, 200, 201, 204, 205, 208, 210, 211, 225, 231, 235, 237, 238, 239, 240, 241, 244, 247, 248, 249, 251, 252, 254, 255, 256, 257], "summary": {"covered_lines": 86, "num_statements": 135, "percent_covered": 63.7037037037037, "percent_covered_display": "64", "missing_lines": 49, "excluded_lines": 0, "percent_statements_covered": 63.7037037037037, "percent_statements_covered_display": "64"}, "missing_lines": [54, 55, 56, 63, 64, 65, 66, 67, 70, 71, 73, 75, 76, 80, 81, 83, 85, 88, 91, 92, 95, 97, 103, 104, 105, 114, 115, 131, 132, 134, 142, 143, 145, 146, 164, 173, 174, 175, 176, 182, 227, 228, 229, 259, 260, 262, 264, 265, 266], "excluded_lines": [], "start_line": 20}, "": {"executed_lines": [3, 4, 5, 6, 7, 8, 9, 10, 11, 12, 13, 14, 17, 20, 21, 32, 78, 107, 148, 170, 188, 233], "summary": {"covered_lines": 22, "num_statements": 22, "percent_covered": 100.0, "percent_covered_display": "100", "missing_lines": 0, "excluded_lines": 0, "percent_statements_covered": 100.0, "percent_statements_covered_display": "100"}, "missing_lines": [], "excluded_lines": [], "start_line": 1}}}, "kalshi_demo_data.py": {"executed_lines": [3, 4, 7, 10, 27, 29, 31, 32, 34, 35, 37, 51, 53, 56, 59, 60, 63, 66, 67, 70, 71, 73], "summary": {"covered_lines": 22, "num_statements": 22, "percent_covered": 100.0, "percent_covered_display": "100", "missing_lines": 0, "excluded_lines": 0, "percent_statements_covered": 100.0, "percent_statements_covered_display": "100"}, "missing_lines": [], "excluded_lines": [], "functions": {"generate_demo_markets": {"executed_lines": [10, 27, 29, 31, 32, 34, 35, 37, 51, 53], "summary": {"covered_lines": 10, "num_statements": 10, "percent_covered": 100.0, "percent_covered_display": "100", "missing_lines": 0, "excluded_lines": 0, "percent_statements_covered": 100.0, "percent_statements_covered_display": "100"}, "missing_lines": [], "excluded_lines": [], "start_line": 7}, "get_demo_price_update": {"executed_lines": [59, 60, 63, 66, 67, 70, 71, 73], "summary": {"covered_lines": 8, "num_statements": 8, "percent_covered": 100.0, "percent_covered_display": "100", "missing_lines": 0, "excluded_lines": 0, "percent_statements_covered": 100.0, "percent_statements_covered_display": "100"}, "missing_lines": [], "excluded_lines": [], "start_line": 56}, "": {"executed_lines": [3, 4, 7, 56], "summary": {"covered_lines": 4, "num_statements": 4, "percent_covered": 100.0, "percent_covered_display": "100", "missing_lines": 0, "excluded_lines": 0, "percent_statements_covered": 100.0, "percent_statements_covered_display": "100"}, "missing_lines": [], "excluded_lines": [], "start_line": 1}}, "classes": {"": {"executed_lines": [3, 4, 7, 10, 27, 29, 31, 32, 34, 35, 37, 51, 53, 56, 59, 60, 63, 66, 67, 70, 71, 73], "summary": {"covered_lines": 22, "num_statements": 22, "percent_covered": 100.0, "percent_covered_display": "100", "missing_lines": 0, "excluded_lines": 0, "percent_statements_covered": 100.0, "percent_statements_covered_display": "100"}, "missing_lines": [], "excluded_lines": [], "start_line": 1}}}, "polymarket_client.py": {"executed_lines": [3, 4, 5, 6, 7, 10, 13, 14, 15, 16, 17, 18, 20, 22, 23, 25, 26, 27, 34, 35, 37, 38, 40, 41, 42, 44, 46, 47, 48, 49, 50, 51, 52, 53, 55, 57, 58, 60, 61, 63, 64, 67, 68, 69, 70, 71, 72, 73, 74, 77, 78, 79, 81, 82, 83, 85, 88, 103, 104, 105, 111, 113, 115, 117, 118, 119, 120, 122, 123, 124, 125, 126, 128, 129, 130, 131, 133, 134, 135, 136, 138], "summary": {"covered_lines": 81, "num_statements": 87, "percent_covered": 93.10344827586206, "percent_covered_display": "93", "missing_lines": 6, "excluded_lines": 0, "percent_statements_covered": 93.10344827586206, "percent_statements_covered_display": "93"}, "missing_lines": [107, 108, 109, 139, 140, 141], "excluded_lines": [], "functions": {"PolymarketClient.__init__": {"executed_lines": [15, 16, 17, 18], "summary": {"covered_lines": 4, "num_statements": 4, "percent_covered": 100.0, "percent_covered_display": "100", "missing_lines": 0, "excluded_lines": 0, "percent_statements_covered": 100.0, "percent_statements_covered_display": "100"}, "missing_lines": [], "excluded_lines": [], "start_line": 14}, "PolymarketClient.get_markets": {"executed_lines": [22, 23, 25, 26, 27, 34, 35, 37, 38, 40, 41, 42], "summary": {"covered_lines": 12, "num_statements": 12, "percent_covered": 100.0, "percent_covered_display": "100", "missing_lines": 0, "excluded_lines": 0, "percent_statements_covered": 100.0, "percent_statements_covered_display": "100"}, "missing_lines": [], "excluded_lines": [], "start_line": 20}, "PolymarketClient.get_market_details": {"executed_lines": [46, 47, 48, 49, 50, 51, 52, 53], "summary": {"covered_lines": 8, "num_statements": 8, "percent_covered": 100.0, "percent_covered_display": "100", "missing_lines": 0, "excluded_lines": 0, "percent_statements_covered": 100.0, "percent_statements_covered_display": "100"}, "missing_lines": [], "excluded_lines": [], "start_line": 44}, "PolymarketClient.find_opportunities": {"executed_lines": [57, 58, 60, 61, 63, 64, 67, 68, 69, 70, 71, 72, 73, 74, 77, 78, 79, 81, 82, 83, 85, 88, 103, 104, 105, 111], "summary": {"covered_lines": 26, "num_statements": 29, "percent_covered": 89.65517241379311, "percent_covered_display": "90", "missing_lines": 3, "excluded_lines": 0, "percent_statements_covered": 89.65517241379311, "percent_statements_covered_display": "90"}, "missing_lines": [107, 108, 109], "excluded_lines": [], "start_line": 55}, "PolymarketClient.get_current_price": {"executed_lines": [115, 117, 118, 119, 120, 122, 123, 124, 125, 126, 128, 129, 130, 131, 133, 134, 135, 136, 138], "summary": {"covered_lines": 19, "num_statements": 22, "percent_covered": 86.36363636363636, "percent_covered_display": "86", "missing_lines": 3, "excluded_lines": 0, "percent_statements_covered": 86.36363636363636, "percent_statements_covered_display": "86"}, "missing_lines": [139, 140, 141], "excluded_lines": [], "start_line": 113}, "": {"executed_lines": [3, 4, 5, 6, 7, 10, 13, 14, 20, 44, 55, 113], "summary": {"covered_lines": 12, "num_statements": 12, "percent_covered": 100.0, "percent_covered_display": "100", "missing_lines": 0, "excluded_lines": 0, "percent_statements_covered": 100.0, "percent_statements_covered_display": "100"}, "missing_lines": [], "excluded_lines": [], "start_line": 1}}, "classes": {"PolymarketClient": {"executed_lines": [15, 16, 17, 18, 22, 23, 25, 26, 27, 34, 35, 37, 38, 40, 41, 42, 46, 47, 48, 49, 50, 51, 52, 53, 57, 58, 60, 61, 63, 64, 67, 68, 69, 70, 71, 72, 73, 74, 77, 78, 79, 81, 82, 83, 85, 88, 103, 104, 105, 111, 115, 117, 118, 119, 120, 122, 123, 124, 125, 126, 128, 129, 130, 131, 133, 134, 135, 136, 138], "summary": {"covered_lines": 69, "num_statements": 75, "percent_covered": 92.0, "percent_covered_display": "92", "missing_lines": 6, "excluded_lines": 0, "percent_statements_covered": 92.0, "percent_statements_covered_display": "92"}, "missing_lines": [107, 108, 109, 139, 140, 141], "excluded_lines": [], "start_line": 13}, "": {"executed_lines": [3, 4, 5, 6, 7, 10, 13, 14, 20, 44, 55, 113], "summary": {"covered_lines": 12, "num_statements": 12, "percent_covered": 100.0, "percent_covered_display": "100", "missing_lines": 0, "excluded_lines": 0, "percent_statements_covered": 100.0, "percent_statements_covered_display": "100"}, "missing_lines": [], "excluded_lines": [], "start_line": 1}}}}, "totals": {"covered_lines": 526, "num_statements": 587, "percent_covered": 89.60817717206133, "percent_covered_display": "90", "missing_lines": 61, "excluded_lines": 2, "percent_statements_covered": 89.60817717206133, "percent_statements_covered_display": "90"}}